0 info it worked if it ends with ok
1 verbose cli [ '/usr/local/bin/node', '/usr/local/bin/npm', 'run', 'serve' ]
2 info using npm@3.10.8
3 info using node@v5.1.0
4 verbose run-script [ 'preserve', 'serve', 'postserve' ]
5 info lifecycle scotch-cars@1.0.0~preserve: scotch-cars@1.0.0
6 silly lifecycle scotch-cars@1.0.0~preserve: no script for preserve, continuing
7 info lifecycle scotch-cars@1.0.0~serve: scotch-cars@1.0.0
8 verbose lifecycle scotch-cars@1.0.0~serve: unsafe-perm in lifecycle true
9 verbose lifecycle scotch-cars@1.0.0~serve: PATH: /usr/local/lib/node_modules/npm/bin/node-gyp-bin:/Users/justin/www/scotch-react-router/node_modules/.bin:/bin:/usr/local/bin:/usr/bin:/bin:/usr/sbin:/sbin:/usr/local/git/bin:/Applications/DevDesktop/drush:/Applications/DevDesktop/drush
10 verbose lifecycle scotch-cars@1.0.0~serve: CWD: /Users/justin/www/scotch-react-router
11 silly lifecycle scotch-cars@1.0.0~serve: Args: [ '-c', 'serve ./public' ]
12 silly lifecycle scotch-cars@1.0.0~serve: Returned: code: 1  signal: null
13 info lifecycle scotch-cars@1.0.0~serve: Failed to exec serve script
14 verbose stack Error: scotch-cars@1.0.0 serve: `serve ./public`
14 verbose stack Exit status 1
14 verbose stack     at EventEmitter.<anonymous> (/usr/local/lib/node_modules/npm/lib/utils/lifecycle.js:255:16)
14 verbose stack     at emitTwo (events.js:87:13)
14 verbose stack     at EventEmitter.emit (events.js:172:7)
14 verbose stack     at ChildProcess.<anonymous> (/usr/local/lib/node_modules/npm/lib/utils/spawn.js:40:14)
14 verbose stack     at emitTwo (events.js:87:13)
14 verbose stack     at ChildProcess.emit (events.js:172:7)
14 verbose stack     at maybeClose (internal/child_process.js:818:16)
14 verbose stack     at Process.ChildProcess._handle.onexit (internal/child_process.js:211:5)
15 verbose pkgid scotch-cars@1.0.0
16 verbose cwd /Users/justin/www/scotch-react-router
17 error Darwin 16.1.0
18 error argv "/usr/local/bin/node" "/usr/local/bin/npm" "run" "serve"
19 error node v5.1.0
20 error npm  v3.10.8
21 error code ELIFECYCLE
22 error scotch-cars@1.0.0 serve: `serve ./public`
22 error Exit status 1
23 error Failed at the scotch-cars@1.0.0 serve script 'serve ./public'.
23 error Make sure you have the latest version of node.js and npm installed.
23 error If you do, this is most likely a problem with the scotch-cars package,
23 error not with npm itself.
23 error Tell the author that this fails on your system:
23 error     serve ./public
23 error You can get information on how to open an issue for this project with:
23 error     npm bugs scotch-cars
23 error Or if that isn't available, you can get their info via:
23 error     npm owner ls scotch-cars
23 error There is likely additional logging output above.
24 verbose exit [ 1, true ]
